This file contains any messages produced by compilers while
running configure, to aid debugging if configure makes a mistake.

It was created by libcharset configure 1.4, which was
generated by GNU Autoconf 2.69.  Invocation command line was

  $ ./configure --disable-option-checking --prefix=/opt/devkitpro/portlibs/switch --host=aarch64-none-elf --exec-prefix=/opt/devkitpro/portlibs/switch/ host_alias=aarch64-none-elf CFLAGS=-march=armv8-a+crc+crypto -mtune=cortex-a57 -mtp=soft -fPIC -ftls-model=local-exec -O2 -ffunction-sections -fdata-sections LDFLAGS=-march=armv8-a+crc+crypto -mtune=cortex-a57 -mtp=soft -fPIC -ftls-model=local-exec -L/opt/devkitpro/portlibs/switch/lib -L/opt/devkitpro/libnx/lib LIBS=-lnx CPPFLAGS=-D__SWITCH__ -I/opt/devkitpro/portlibs/switch/include -isystem/opt/devkitpro/libnx/include --cache-file=/dev/null --srcdir=.

## --------- ##
## Platform. ##
## --------- ##

hostname = jury-workstation
uname -m = x86_64
uname -r = 5.0.0-20-generic
uname -s = Linux
uname -v = #21-Ubuntu SMP Mon Jun 24 09:32:09 UTC 2019

/usr/bin/uname -p = x86_64
/bin/uname -X     = unknown

/bin/arch              = x86_64
/usr/bin/arch -k       = unknown
/usr/convex/getsysinfo = unknown
/usr/bin/hostinfo      = unknown
/bin/machine           = unknown
/usr/bin/oslevel       = unknown
/bin/universe          = unknown

PATH: /opt/devkitpro/portlibs/switch/bin
PATH: /opt/devkitpro/tools/bin
PATH: /opt/devkitpro/devkitA64/bin
PATH: /opt/devkitpro/portlibs/switch/bin
PATH: /opt/devkitpro/tools/bin
PATH: /opt/devkitpro/devkitA64/bin
PATH: /home/jury/Documents/vulkan/1.1.97.0/x86_64/bin
PATH: /home/jury/Documents/dev/mosquito/toolchains/xtensa-esp32-elf/bin
PATH: /home/jury/.local/bin
PATH: /usr/local/sbin
PATH: /usr/local/bin
PATH: /usr/sbin
PATH: /usr/bin
PATH: /sbin
PATH: /bin
PATH: /usr/games
PATH: /usr/local/games
PATH: /snap/bin
PATH: /home/jury/Android/Sdk//tools
PATH: /home/jury/Android/Sdk//platform-tools


## ----------- ##
## Core tests. ##
## ----------- ##

configure:2212: checking whether make sets $(MAKE)
configure:2234: result: yes
configure:2253: checking for aarch64-none-elf-gcc
configure:2269: found /opt/devkitpro/devkitA64/bin/aarch64-none-elf-gcc
configure:2280: result: aarch64-none-elf-gcc
configure:2549: checking for C compiler version
configure:2558: aarch64-none-elf-gcc --version >&5
aarch64-none-elf-gcc (devkitA64 release 13) 8.3.0
Copyright (C) 2018 Free Software Foundation, Inc.
This is free software; see the source for copying conditions.  There is NO
warranty; not even for MERCHANTABILITY or FITNESS FOR A PARTICULAR PURPOSE.

configure:2569: $? = 0
configure:2558: aarch64-none-elf-gcc -v >&5
Using built-in specs.
COLLECT_GCC=aarch64-none-elf-gcc
COLLECT_LTO_WRAPPER=/opt/devkitpro/devkitA64/libexec/gcc/aarch64-none-elf/8.3.0/lto-wrapper
Target: aarch64-none-elf
Configured with: ../../gcc-8.3.0/configure --enable-languages=c,c++,objc,lto --with-gnu-as --with-gnu-ld --with-gcc --with-march=armv8 --enable-cxx-flags=-ffunction-sections --disable-libstdcxx-verbose --enable-poison-system-directories --enable-interwork --enable-multilib --enable-threads --disable-win32-registry --disable-nls --disable-debug --disable-libmudflap --disable-libssp --disable-libgomp --disable-libstdcxx-pch --enable-libstdcxx-time --enable-libstdcxx-filesystem-ts --target=aarch64-none-elf --with-newlib --with-headers=../../newlib-3.1.0/newlib/libc/include --prefix=/opt/devkitpro/devkitA64 --enable-lto --with-system-zlib --with-bugurl=https://github.com/devkitPro/buildscripts/issues --with-pkgversion='devkitA64 release 13' --build=x86_64-unknown-linux-gnu
Thread model: posix
gcc version 8.3.0 (devkitA64 release 13) 
configure:2569: $? = 0
configure:2558: aarch64-none-elf-gcc -V >&5
aarch64-none-elf-gcc: error: unrecognized command line option '-V'
aarch64-none-elf-gcc: fatal error: no input files
compilation terminated.
configure:2569: $? = 1
configure:2558: aarch64-none-elf-gcc -qversion >&5
aarch64-none-elf-gcc: error: unrecognized command line option '-qversion'; did you mean '--version'?
aarch64-none-elf-gcc: fatal error: no input files
compilation terminated.
configure:2569: $? = 1
configure:2589: checking whether the C compiler works
configure:2611: aarch64-none-elf-gcc -march=armv8-a+crc+crypto -mtune=cortex-a57 -mtp=soft -fPIC -ftls-model=local-exec -O2 -ffunction-sections -fdata-sections -D__SWITCH__ -I/opt/devkitpro/portlibs/switch/include -isystem/opt/devkitpro/libnx/include -march=armv8-a+crc+crypto -mtune=cortex-a57 -mtp=soft -fPIC -ftls-model=local-exec -L/opt/devkitpro/portlibs/switch/lib -L/opt/devkitpro/libnx/lib conftest.c -lnx >&5
configure:2615: $? = 0
configure:2663: result: yes
configure:2666: checking for C compiler default output file name
configure:2668: result: a.out
configure:2674: checking for suffix of executables
configure:2681: aarch64-none-elf-gcc -o conftest -march=armv8-a+crc+crypto -mtune=cortex-a57 -mtp=soft -fPIC -ftls-model=local-exec -O2 -ffunction-sections -fdata-sections -D__SWITCH__ -I/opt/devkitpro/portlibs/switch/include -isystem/opt/devkitpro/libnx/include -march=armv8-a+crc+crypto -mtune=cortex-a57 -mtp=soft -fPIC -ftls-model=local-exec -L/opt/devkitpro/portlibs/switch/lib -L/opt/devkitpro/libnx/lib conftest.c -lnx >&5
configure:2685: $? = 0
configure:2707: result: 
configure:2729: checking whether we are cross compiling
configure:2737: aarch64-none-elf-gcc -o conftest -march=armv8-a+crc+crypto -mtune=cortex-a57 -mtp=soft -fPIC -ftls-model=local-exec -O2 -ffunction-sections -fdata-sections -D__SWITCH__ -I/opt/devkitpro/portlibs/switch/include -isystem/opt/devkitpro/libnx/include -march=armv8-a+crc+crypto -mtune=cortex-a57 -mtp=soft -fPIC -ftls-model=local-exec -L/opt/devkitpro/portlibs/switch/lib -L/opt/devkitpro/libnx/lib conftest.c -lnx >&5
configure:2741: $? = 0
configure:2748: ./conftest
./configure: line 2750: ./conftest: cannot execute binary file: Exec format error
configure:2752: $? = 126
configure:2740: result: yes
configure:2745: checking for suffix of object files
configure:2767: aarch64-none-elf-gcc -c -march=armv8-a+crc+crypto -mtune=cortex-a57 -mtp=soft -fPIC -ftls-model=local-exec -O2 -ffunction-sections -fdata-sections -D__SWITCH__ -I/opt/devkitpro/portlibs/switch/include -isystem/opt/devkitpro/libnx/include conftest.c >&5
configure:2771: $? = 0
configure:2792: result: o
configure:2796: checking whether we are using the GNU C compiler
configure:2815: aarch64-none-elf-gcc -c -march=armv8-a+crc+crypto -mtune=cortex-a57 -mtp=soft -fPIC -ftls-model=local-exec -O2 -ffunction-sections -fdata-sections -D__SWITCH__ -I/opt/devkitpro/portlibs/switch/include -isystem/opt/devkitpro/libnx/include conftest.c >&5
configure:2815: $? = 0
configure:2824: result: yes
configure:2833: checking whether aarch64-none-elf-gcc accepts -g
configure:2853: aarch64-none-elf-gcc -c -g -D__SWITCH__ -I/opt/devkitpro/portlibs/switch/include -isystem/opt/devkitpro/libnx/include conftest.c >&5
configure:2853: $? = 0
configure:2894: result: yes
configure:2911: checking for aarch64-none-elf-gcc option to accept ISO C89
configure:2974: aarch64-none-elf-gcc  -c -march=armv8-a+crc+crypto -mtune=cortex-a57 -mtp=soft -fPIC -ftls-model=local-exec -O2 -ffunction-sections -fdata-sections -D__SWITCH__ -I/opt/devkitpro/portlibs/switch/include -isystem/opt/devkitpro/libnx/include conftest.c >&5
configure:2974: $? = 0
configure:2987: result: none needed
configure:3012: checking how to run the C preprocessor
configure:3043: aarch64-none-elf-gcc -E -D__SWITCH__ -I/opt/devkitpro/portlibs/switch/include -isystem/opt/devkitpro/libnx/include conftest.c
configure:3043: $? = 0
configure:3057: aarch64-none-elf-gcc -E -D__SWITCH__ -I/opt/devkitpro/portlibs/switch/include -isystem/opt/devkitpro/libnx/include conftest.c
conftest.c:9:10: fatal error: ac_nonexistent.h: No such file or directory
 #include <ac_nonexistent.h>
          ^~~~~~~~~~~~~~~~~~
compilation terminated.
configure:3057: $? = 1
configure: failed program was:
| /* confdefs.h */
| #define PACKAGE_NAME "libcharset"
| #define PACKAGE_TARNAME "libcharset"
| #define PACKAGE_VERSION "1.4"
| #define PACKAGE_STRING "libcharset 1.4"
| #define PACKAGE_BUGREPORT ""
| #define PACKAGE_URL ""
| /* end confdefs.h.  */
| #include <ac_nonexistent.h>
configure:3082: result: aarch64-none-elf-gcc -E
configure:3102: aarch64-none-elf-gcc -E -D__SWITCH__ -I/opt/devkitpro/portlibs/switch/include -isystem/opt/devkitpro/libnx/include conftest.c
configure:3102: $? = 0
configure:3116: aarch64-none-elf-gcc -E -D__SWITCH__ -I/opt/devkitpro/portlibs/switch/include -isystem/opt/devkitpro/libnx/include conftest.c
conftest.c:9:10: fatal error: ac_nonexistent.h: No such file or directory
 #include <ac_nonexistent.h>
          ^~~~~~~~~~~~~~~~~~
compilation terminated.
configure:3116: $? = 1
configure: failed program was:
| /* confdefs.h */
| #define PACKAGE_NAME "libcharset"
| #define PACKAGE_TARNAME "libcharset"
| #define PACKAGE_VERSION "1.4"
| #define PACKAGE_STRING "libcharset 1.4"
| #define PACKAGE_BUGREPORT ""
| #define PACKAGE_URL ""
| /* end confdefs.h.  */
| #include <ac_nonexistent.h>
configure:3158: checking for a BSD-compatible install
configure:3226: result: /usr/bin/install -c
configure:3243: checking build system type
configure:3257: result: x86_64-pc-linux-gnu
configure:3277: checking host system type
configure:3290: result: aarch64-none-elf
configure:3316: checking for grep that handles long lines and -e
configure:3374: result: /usr/bin/grep
configure:3379: checking for egrep
configure:3441: result: /usr/bin/grep -E
configure:3446: checking for ANSI C header files
configure:3466: aarch64-none-elf-gcc -c -march=armv8-a+crc+crypto -mtune=cortex-a57 -mtp=soft -fPIC -ftls-model=local-exec -O2 -ffunction-sections -fdata-sections -D__SWITCH__ -I/opt/devkitpro/portlibs/switch/include -isystem/opt/devkitpro/libnx/include conftest.c >&5
configure:3466: $? = 0
configure:3550: result: yes
configure:3563: checking for sys/types.h
configure:3563: aarch64-none-elf-gcc -c -march=armv8-a+crc+crypto -mtune=cortex-a57 -mtp=soft -fPIC -ftls-model=local-exec -O2 -ffunction-sections -fdata-sections -D__SWITCH__ -I/opt/devkitpro/portlibs/switch/include -isystem/opt/devkitpro/libnx/include conftest.c >&5
configure:3563: $? = 0
configure:3563: result: yes
configure:3563: checking for sys/stat.h
configure:3563: aarch64-none-elf-gcc -c -march=armv8-a+crc+crypto -mtune=cortex-a57 -mtp=soft -fPIC -ftls-model=local-exec -O2 -ffunction-sections -fdata-sections -D__SWITCH__ -I/opt/devkitpro/portlibs/switch/include -isystem/opt/devkitpro/libnx/include conftest.c >&5
configure:3563: $? = 0
configure:3563: result: yes
configure:3563: checking for stdlib.h
configure:3563: aarch64-none-elf-gcc -c -march=armv8-a+crc+crypto -mtune=cortex-a57 -mtp=soft -fPIC -ftls-model=local-exec -O2 -ffunction-sections -fdata-sections -D__SWITCH__ -I/opt/devkitpro/portlibs/switch/include -isystem/opt/devkitpro/libnx/include conftest.c >&5
configure:3563: $? = 0
configure:3563: result: yes
configure:3563: checking for string.h
configure:3563: aarch64-none-elf-gcc -c -march=armv8-a+crc+crypto -mtune=cortex-a57 -mtp=soft -fPIC -ftls-model=local-exec -O2 -ffunction-sections -fdata-sections -D__SWITCH__ -I/opt/devkitpro/portlibs/switch/include -isystem/opt/devkitpro/libnx/include conftest.c >&5
configure:3563: $? = 0
configure:3563: result: yes
configure:3563: checking for memory.h
configure:3563: aarch64-none-elf-gcc -c -march=armv8-a+crc+crypto -mtune=cortex-a57 -mtp=soft -fPIC -ftls-model=local-exec -O2 -ffunction-sections -fdata-sections -D__SWITCH__ -I/opt/devkitpro/portlibs/switch/include -isystem/opt/devkitpro/libnx/include conftest.c >&5
configure:3563: $? = 0
configure:3563: result: yes
configure:3563: checking for strings.h
configure:3563: aarch64-none-elf-gcc -c -march=armv8-a+crc+crypto -mtune=cortex-a57 -mtp=soft -fPIC -ftls-model=local-exec -O2 -ffunction-sections -fdata-sections -D__SWITCH__ -I/opt/devkitpro/portlibs/switch/include -isystem/opt/devkitpro/libnx/include conftest.c >&5
configure:3563: $? = 0
configure:3563: result: yes
configure:3563: checking for inttypes.h
configure:3563: aarch64-none-elf-gcc -c -march=armv8-a+crc+crypto -mtune=cortex-a57 -mtp=soft -fPIC -ftls-model=local-exec -O2 -ffunction-sections -fdata-sections -D__SWITCH__ -I/opt/devkitpro/portlibs/switch/include -isystem/opt/devkitpro/libnx/include conftest.c >&5
configure:3563: $? = 0
configure:3563: result: yes
configure:3563: checking for stdint.h
configure:3563: aarch64-none-elf-gcc -c -march=armv8-a+crc+crypto -mtune=cortex-a57 -mtp=soft -fPIC -ftls-model=local-exec -O2 -ffunction-sections -fdata-sections -D__SWITCH__ -I/opt/devkitpro/portlibs/switch/include -isystem/opt/devkitpro/libnx/include conftest.c >&5
configure:3563: $? = 0
configure:3563: result: yes
configure:3563: checking for unistd.h
configure:3563: aarch64-none-elf-gcc -c -march=armv8-a+crc+crypto -mtune=cortex-a57 -mtp=soft -fPIC -ftls-model=local-exec -O2 -ffunction-sections -fdata-sections -D__SWITCH__ -I/opt/devkitpro/portlibs/switch/include -isystem/opt/devkitpro/libnx/include conftest.c >&5
configure:3563: $? = 0
configure:3563: result: yes
configure:3576: checking minix/config.h usability
configure:3576: aarch64-none-elf-gcc -c -march=armv8-a+crc+crypto -mtune=cortex-a57 -mtp=soft -fPIC -ftls-model=local-exec -O2 -ffunction-sections -fdata-sections -D__SWITCH__ -I/opt/devkitpro/portlibs/switch/include -isystem/opt/devkitpro/libnx/include conftest.c >&5
conftest.c:52:10: fatal error: minix/config.h: No such file or directory
 #include <minix/config.h>
          ^~~~~~~~~~~~~~~~
compilation terminated.
configure:3576: $? = 1
configure: failed program was:
| /* confdefs.h */
| #define PACKAGE_NAME "libcharset"
| #define PACKAGE_TARNAME "libcharset"
| #define PACKAGE_VERSION "1.4"
| #define PACKAGE_STRING "libcharset 1.4"
| #define PACKAGE_BUGREPORT ""
| #define PACKAGE_URL ""
| #define STDC_HEADERS 1
| #define HAVE_SYS_TYPES_H 1
| #define HAVE_SYS_STAT_H 1
| #define HAVE_STDLIB_H 1
| #define HAVE_STRING_H 1
| #define HAVE_MEMORY_H 1
| #define HAVE_STRINGS_H 1
| #define HAVE_INTTYPES_H 1
| #define HAVE_STDINT_H 1
| #define HAVE_UNISTD_H 1
| /* end confdefs.h.  */
| #include <stdio.h>
| #ifdef HAVE_SYS_TYPES_H
| # include <sys/types.h>
| #endif
| #ifdef HAVE_SYS_STAT_H
| # include <sys/stat.h>
| #endif
| #ifdef STDC_HEADERS
| # include <stdlib.h>
| # include <stddef.h>
| #else
| # ifdef HAVE_STDLIB_H
| #  include <stdlib.h>
| # endif
| #endif
| #ifdef HAVE_STRING_H
| # if !defined STDC_HEADERS && defined HAVE_MEMORY_H
| #  include <memory.h>
| # endif
| # include <string.h>
| #endif
| #ifdef HAVE_STRINGS_H
| # include <strings.h>
| #endif
| #ifdef HAVE_INTTYPES_H
| # include <inttypes.h>
| #endif
| #ifdef HAVE_STDINT_H
| # include <stdint.h>
| #endif
| #ifdef HAVE_UNISTD_H
| # include <unistd.h>
| #endif
| #include <minix/config.h>
configure:3576: result: no
configure:3576: checking minix/config.h presence
configure:3576: aarch64-none-elf-gcc -E -D__SWITCH__ -I/opt/devkitpro/portlibs/switch/include -isystem/opt/devkitpro/libnx/include conftest.c
conftest.c:19:10: fatal error: minix/config.h: No such file or directory
 #include <minix/config.h>
          ^~~~~~~~~~~~~~~~
compilation terminated.
configure:3576: $? = 1
configure: failed program was:
| /* confdefs.h */
| #define PACKAGE_NAME "libcharset"
| #define PACKAGE_TARNAME "libcharset"
| #define PACKAGE_VERSION "1.4"
| #define PACKAGE_STRING "libcharset 1.4"
| #define PACKAGE_BUGREPORT ""
| #define PACKAGE_URL ""
| #define STDC_HEADERS 1
| #define HAVE_SYS_TYPES_H 1
| #define HAVE_SYS_STAT_H 1
| #define HAVE_STDLIB_H 1
| #define HAVE_STRING_H 1
| #define HAVE_MEMORY_H 1
| #define HAVE_STRINGS_H 1
| #define HAVE_INTTYPES_H 1
| #define HAVE_STDINT_H 1
| #define HAVE_UNISTD_H 1
| /* end confdefs.h.  */
| #include <minix/config.h>
configure:3576: result: no
configure:3576: checking for minix/config.h
configure:3576: result: no
configure:3597: checking whether it is safe to define __EXTENSIONS__
configure:3615: aarch64-none-elf-gcc -c -march=armv8-a+crc+crypto -mtune=cortex-a57 -mtp=soft -fPIC -ftls-model=local-exec -O2 -ffunction-sections -fdata-sections -D__SWITCH__ -I/opt/devkitpro/portlibs/switch/include -isystem/opt/devkitpro/libnx/include conftest.c >&5
configure:3615: $? = 0
configure:3622: result: yes
configure:3688: checking how to print strings
configure:3715: result: printf
configure:3736: checking for a sed that does not truncate output
configure:3800: result: /usr/bin/sed
configure:3818: checking for fgrep
configure:3880: result: /usr/bin/grep -F
configure:3915: checking for ld used by aarch64-none-elf-gcc
configure:3982: result: /opt/devkitpro/devkitA64/aarch64-none-elf/bin/ld
configure:3989: checking if the linker (/opt/devkitpro/devkitA64/aarch64-none-elf/bin/ld) is GNU ld
configure:4004: result: yes
configure:4016: checking for BSD- or MS-compatible name lister (nm)
configure:4070: result: /opt/devkitpro/devkitA64/bin/aarch64-none-elf-nm -B
configure:4200: checking the name lister (/opt/devkitpro/devkitA64/bin/aarch64-none-elf-nm -B) interface
configure:4207: aarch64-none-elf-gcc -c -march=armv8-a+crc+crypto -mtune=cortex-a57 -mtp=soft -fPIC -ftls-model=local-exec -O2 -ffunction-sections -fdata-sections -D__SWITCH__ -I/opt/devkitpro/portlibs/switch/include -isystem/opt/devkitpro/libnx/include conftest.c >&5
configure:4210: /opt/devkitpro/devkitA64/bin/aarch64-none-elf-nm -B "conftest.o"
configure:4213: output
0000000000000000 B some_variable
configure:4214: result: BSD nm
configure:4217: checking whether ln -s works
configure:4221: result: yes
configure:4229: checking the maximum length of command line arguments
configure:4360: result: 1572864
configure:4408: checking how to convert x86_64-pc-linux-gnu file names to aarch64-none-elf format
configure:4448: result: func_convert_file_noop
configure:4455: checking how to convert x86_64-pc-linux-gnu file names to toolchain format
configure:4475: result: func_convert_file_noop
configure:4482: checking for /opt/devkitpro/devkitA64/aarch64-none-elf/bin/ld option to reload object files
configure:4489: result: -r
configure:4523: checking for aarch64-none-elf-objdump
configure:4539: found /opt/devkitpro/devkitA64/bin/aarch64-none-elf-objdump
configure:4550: result: aarch64-none-elf-objdump
configure:4619: checking how to recognize dependent libraries
configure:4819: result: unknown
configure:4864: checking for aarch64-none-elf-dlltool
configure:4894: result: no
configure:4904: checking for dlltool
configure:4934: result: no
configure:4961: checking how to associate runtime and link libraries
configure:4988: result: printf %s\n
configure:5004: checking for aarch64-none-elf-ar
configure:5031: result: aarch64-none-elf-gcc-ar
configure:5112: checking for archiver @FILE support
configure:5129: aarch64-none-elf-gcc -c -march=armv8-a+crc+crypto -mtune=cortex-a57 -mtp=soft -fPIC -ftls-model=local-exec -O2 -ffunction-sections -fdata-sections -D__SWITCH__ -I/opt/devkitpro/portlibs/switch/include -isystem/opt/devkitpro/libnx/include conftest.c >&5
configure:5129: $? = 0
configure:5132: aarch64-none-elf-gcc-ar cru libconftest.a @conftest.lst >&5
configure:5135: $? = 0
configure:5140: aarch64-none-elf-gcc-ar cru libconftest.a @conftest.lst >&5
/opt/devkitpro/devkitA64/lib/gcc/aarch64-none-elf/8.3.0/../../../../aarch64-none-elf/bin/ar: conftest.o: No such file or directory
configure:5143: $? = 1
configure:5142: result: @
configure:5160: checking for aarch64-none-elf-strip
configure:5176: found /opt/devkitpro/devkitA64/bin/aarch64-none-elf-strip
configure:5187: result: aarch64-none-elf-strip
configure:5259: checking for aarch64-none-elf-ranlib
configure:5286: result: aarch64-none-elf-gcc-ranlib
configure:5403: checking for gawk
configure:5433: result: no
configure:5403: checking for mawk
configure:5419: found /usr/bin/mawk
configure:5430: result: mawk
configure:5470: checking command to parse /opt/devkitpro/devkitA64/bin/aarch64-none-elf-nm -B output from aarch64-none-elf-gcc object
configure:5623: aarch64-none-elf-gcc -c -march=armv8-a+crc+crypto -mtune=cortex-a57 -mtp=soft -fPIC -ftls-model=local-exec -O2 -ffunction-sections -fdata-sections -D__SWITCH__ -I/opt/devkitpro/portlibs/switch/include -isystem/opt/devkitpro/libnx/include conftest.c >&5
configure:5626: $? = 0
configure:5630: /opt/devkitpro/devkitA64/bin/aarch64-none-elf-nm -B conftest.o \| sed -n -e 's/^.*[ ]\([ABCDGIRSTW][ABCDGIRSTW]*\)[ ][ ]*\([_A-Za-z][_A-Za-z0-9]*\)$/\1 \2 \2/p' | sed '/ __gnu_lto/d' \> conftest.nm
configure:5633: $? = 0
configure:5699: aarch64-none-elf-gcc -o conftest -march=armv8-a+crc+crypto -mtune=cortex-a57 -mtp=soft -fPIC -ftls-model=local-exec -O2 -ffunction-sections -fdata-sections -D__SWITCH__ -I/opt/devkitpro/portlibs/switch/include -isystem/opt/devkitpro/libnx/include -march=armv8-a+crc+crypto -mtune=cortex-a57 -mtp=soft -fPIC -ftls-model=local-exec -L/opt/devkitpro/portlibs/switch/lib -L/opt/devkitpro/libnx/lib conftest.c conftstm.o >&5
configure:5702: $? = 0
configure:5740: result: ok
configure:5787: checking for sysroot
configure:5817: result: no
configure:5824: checking for a working dd
configure:5862: result: /usr/bin/dd
configure:5866: checking how to truncate binary pipes
configure:5881: result: /usr/bin/dd bs=4096 count=1
configure:6170: checking for aarch64-none-elf-mt
configure:6200: result: no
configure:6210: checking for mt
configure:6226: found /usr/bin/mt
configure:6237: result: mt
configure:6249: WARNING: using cross tools not prefixed with host triplet
configure:6260: checking if mt is a manifest tool
configure:6266: mt '-?'
configure:6274: result: no
configure:6948: checking for dlfcn.h
configure:6948: aarch64-none-elf-gcc -c -march=armv8-a+crc+crypto -mtune=cortex-a57 -mtp=soft -fPIC -ftls-model=local-exec -O2 -ffunction-sections -fdata-sections -D__SWITCH__ -I/opt/devkitpro/portlibs/switch/include -isystem/opt/devkitpro/libnx/include conftest.c >&5
conftest.c:58:10: fatal error: dlfcn.h: No such file or directory
 #include <dlfcn.h>
          ^~~~~~~~~
compilation terminated.
configure:6948: $? = 1
configure: failed program was:
| /* confdefs.h */
| #define PACKAGE_NAME "libcharset"
| #define PACKAGE_TARNAME "libcharset"
| #define PACKAGE_VERSION "1.4"
| #define PACKAGE_STRING "libcharset 1.4"
| #define PACKAGE_BUGREPORT ""
| #define PACKAGE_URL ""
| #define STDC_HEADERS 1
| #define HAVE_SYS_TYPES_H 1
| #define HAVE_SYS_STAT_H 1
| #define HAVE_STDLIB_H 1
| #define HAVE_STRING_H 1
| #define HAVE_MEMORY_H 1
| #define HAVE_STRINGS_H 1
| #define HAVE_INTTYPES_H 1
| #define HAVE_STDINT_H 1
| #define HAVE_UNISTD_H 1
| #define __EXTENSIONS__ 1
| #define _ALL_SOURCE 1
| #define _GNU_SOURCE 1
| #define _POSIX_PTHREAD_SEMANTICS 1
| #define _TANDEM_SOURCE 1
| /* end confdefs.h.  */
| #include <stdio.h>
| #ifdef HAVE_SYS_TYPES_H
| # include <sys/types.h>
| #endif
| #ifdef HAVE_SYS_STAT_H
| # include <sys/stat.h>
| #endif
| #ifdef STDC_HEADERS
| # include <stdlib.h>
| # include <stddef.h>
| #else
| # ifdef HAVE_STDLIB_H
| #  include <stdlib.h>
| # endif
| #endif
| #ifdef HAVE_STRING_H
| # if !defined STDC_HEADERS && defined HAVE_MEMORY_H
| #  include <memory.h>
| # endif
| # include <string.h>
| #endif
| #ifdef HAVE_STRINGS_H
| # include <strings.h>
| #endif
| #ifdef HAVE_INTTYPES_H
| # include <inttypes.h>
| #endif
| #ifdef HAVE_STDINT_H
| # include <stdint.h>
| #endif
| #ifdef HAVE_UNISTD_H
| # include <unistd.h>
| #endif
| 
| #include <dlfcn.h>
configure:6948: result: no
configure:7502: checking for objdir
configure:7517: result: .libs
configure:7781: checking if aarch64-none-elf-gcc supports -fno-rtti -fno-exceptions
configure:7799: aarch64-none-elf-gcc -c -march=armv8-a+crc+crypto -mtune=cortex-a57 -mtp=soft -fPIC -ftls-model=local-exec -O2 -ffunction-sections -fdata-sections -D__SWITCH__ -I/opt/devkitpro/portlibs/switch/include -isystem/opt/devkitpro/libnx/include -fno-rtti -fno-exceptions conftest.c >&5
cc1: warning: command line option '-fno-rtti' is valid for C++/ObjC++ but not for C
configure:7803: $? = 0
configure:7816: result: no
configure:8174: checking for aarch64-none-elf-gcc option to produce PIC
configure:8181: result: -fPIC -DPIC
configure:8189: checking if aarch64-none-elf-gcc PIC flag -fPIC -DPIC works
configure:8207: aarch64-none-elf-gcc -c -march=armv8-a+crc+crypto -mtune=cortex-a57 -mtp=soft -fPIC -ftls-model=local-exec -O2 -ffunction-sections -fdata-sections -D__SWITCH__ -I/opt/devkitpro/portlibs/switch/include -isystem/opt/devkitpro/libnx/include -fPIC -DPIC -DPIC conftest.c >&5
configure:8211: $? = 0
configure:8224: result: yes
configure:8253: checking if aarch64-none-elf-gcc static flag -static works
configure:8281: result: yes
configure:8296: checking if aarch64-none-elf-gcc supports -c -o file.o
configure:8317: aarch64-none-elf-gcc -c -march=armv8-a+crc+crypto -mtune=cortex-a57 -mtp=soft -fPIC -ftls-model=local-exec -O2 -ffunction-sections -fdata-sections -D__SWITCH__ -I/opt/devkitpro/portlibs/switch/include -isystem/opt/devkitpro/libnx/include -o out/conftest2.o conftest.c >&5
configure:8321: $? = 0
configure:8343: result: yes
configure:8351: checking if aarch64-none-elf-gcc supports -c -o file.o
configure:8398: result: yes
configure:8431: checking whether the aarch64-none-elf-gcc linker (/opt/devkitpro/devkitA64/aarch64-none-elf/bin/ld) supports shared libraries
configure:9690: result: yes
configure:9727: checking whether -lc should be explicitly linked in
configure:9735: aarch64-none-elf-gcc -c -march=armv8-a+crc+crypto -mtune=cortex-a57 -mtp=soft -fPIC -ftls-model=local-exec -O2 -ffunction-sections -fdata-sections -D__SWITCH__ -I/opt/devkitpro/portlibs/switch/include -isystem/opt/devkitpro/libnx/include conftest.c >&5
configure:9738: $? = 0
configure:9753: aarch64-none-elf-gcc -shared  -fPIC -DPIC conftest.o  -v -Wl,-soname -Wl,conftest -o conftest 2\>\&1 \| /usr/bin/grep  -lc  \>/dev/null 2\>\&1
configure:9756: $? = 1
configure:9770: result: yes
configure:9930: checking dynamic linker characteristics
configure:10748: result: no
configure:10870: checking how to hardcode library paths into programs
configure:10895: result: immediate
configure:11443: checking whether stripping libraries is possible
configure:11448: result: yes
configure:11483: checking if libtool supports shared libraries
configure:11485: result: no
configure:11488: checking whether to build shared libraries
configure:11513: result: no
configure:11516: checking whether to build static libraries
configure:11520: result: yes
configure:8372: checking for ld
configure:8500: result: /opt/devkitpro/devkitA64/aarch64-none-elf/bin/ld
configure:8507: checking if the linker (/opt/devkitpro/devkitA64/aarch64-none-elf/bin/ld) is GNU ld
configure:8522: result: yes
configure:8528: checking for shared library path variable
configure:8541: result: none
configure:8546: checking whether to activate relocatable installation
configure:8561: result: no
configure:8735: checking whether the -Werror option is usable
configure:8753: aarch64-none-elf-gcc -c -march=armv8-a+crc+crypto -mtune=cortex-a57 -mtp=soft -fPIC -ftls-model=local-exec -O2 -ffunction-sections -fdata-sections -Werror -D__SWITCH__ -I/opt/devkitpro/portlibs/switch/include -isystem/opt/devkitpro/libnx/include conftest.c >&5
configure:8753: $? = 0
configure:8762: result: yes
configure:8764: checking for simple visibility declarations
configure:8790: aarch64-none-elf-gcc -c -march=armv8-a+crc+crypto -mtune=cortex-a57 -mtp=soft -fPIC -ftls-model=local-exec -O2 -ffunction-sections -fdata-sections -fvisibility=hidden -Werror -D__SWITCH__ -I/opt/devkitpro/portlibs/switch/include -isystem/opt/devkitpro/libnx/include conftest.c >&5
configure:8790: $? = 0
configure:8799: result: yes
configure:8817: checking for nl_langinfo and CODESET
configure:8833: aarch64-none-elf-gcc -o conftest -march=armv8-a+crc+crypto -mtune=cortex-a57 -mtp=soft -fPIC -ftls-model=local-exec -O2 -ffunction-sections -fdata-sections -D__SWITCH__ -I/opt/devkitpro/portlibs/switch/include -isystem/opt/devkitpro/libnx/include -march=armv8-a+crc+crypto -mtune=cortex-a57 -mtp=soft -fPIC -ftls-model=local-exec -L/opt/devkitpro/portlibs/switch/lib -L/opt/devkitpro/libnx/lib conftest.c -lnx >&5
configure:8833: $? = 0
configure:8842: result: yes
configure:8856: checking for unistd.h
configure:8856: result: yes
configure:8875: checking for symlink
configure:8875: aarch64-none-elf-gcc -o conftest -march=armv8-a+crc+crypto -mtune=cortex-a57 -mtp=soft -fPIC -ftls-model=local-exec -O2 -ffunction-sections -fdata-sections -D__SWITCH__ -I/opt/devkitpro/portlibs/switch/include -isystem/opt/devkitpro/libnx/include -march=armv8-a+crc+crypto -mtune=cortex-a57 -mtp=soft -fPIC -ftls-model=local-exec -L/opt/devkitpro/portlibs/switch/lib -L/opt/devkitpro/libnx/lib conftest.c -lnx >&5
/opt/devkitpro/devkitA64/lib/gcc/aarch64-none-elf/8.3.0/../../../../aarch64-none-elf/bin/ld: /tmp/ccuZweEp.o: in function `main':
conftest.c:(.text.startup.main+0x8): undefined reference to `symlink'
collect2: error: ld returned 1 exit status
configure:8875: $? = 1
configure: failed program was:
| /* confdefs.h */
| #define PACKAGE_NAME "libcharset"
| #define PACKAGE_TARNAME "libcharset"
| #define PACKAGE_VERSION "1.4"
| #define PACKAGE_STRING "libcharset 1.4"
| #define PACKAGE_BUGREPORT ""
| #define PACKAGE_URL ""
| #define STDC_HEADERS 1
| #define HAVE_SYS_TYPES_H 1
| #define HAVE_SYS_STAT_H 1
| #define HAVE_STDLIB_H 1
| #define HAVE_STRING_H 1
| #define HAVE_MEMORY_H 1
| #define HAVE_STRINGS_H 1
| #define HAVE_INTTYPES_H 1
| #define HAVE_STDINT_H 1
| #define HAVE_UNISTD_H 1
| #define __EXTENSIONS__ 1
| #define _ALL_SOURCE 1
| #define _GNU_SOURCE 1
| #define _POSIX_PTHREAD_SEMANTICS 1
| #define _TANDEM_SOURCE 1
| #define LT_OBJDIR ".libs/"
| #define INSTALLPREFIX "/opt/devkitpro/portlibs/switch"
| #define HAVE_VISIBILITY 1
| #define HAVE_LANGINFO_CODESET 1
| #define HAVE_UNISTD_H 1
| /* end confdefs.h.  */
| /* Define symlink to an innocuous variant, in case <limits.h> declares symlink.
|    For example, HP-UX 11i <limits.h> declares gettimeofday.  */
| #define symlink innocuous_symlink
| 
| /* System header to define __stub macros and hopefully few prototypes,
|     which can conflict with char symlink (); below.
|     Prefer <limits.h> to <assert.h> if __STDC__ is defined, since
|     <limits.h> exists even on freestanding compilers.  */
| 
| #ifdef __STDC__
| # include <limits.h>
| #else
| # include <assert.h>
| #endif
| 
| #undef symlink
| 
| /* Override any GCC internal prototype to avoid an error.
|    Use char because int might match the return type of a GCC
|    builtin and then its argument prototype would still apply.  */
| #ifdef __cplusplus
| extern "C"
| #endif
| char symlink ();
| /* The GNU C library defines this for functions which it implements
|     to always fail with ENOSYS.  Some functions are actually named
|     something starting with __ and the normal name is an alias.  */
| #if defined __stub_symlink || defined __stub___symlink
| choke me
| #endif
| 
| int
| main ()
| {
| return symlink ();
|   ;
|   return 0;
| }
configure:8875: result: no
configure:8891: checking for working fcntl.h
configure:9015: result: cross-compiling
configure:9039: checking whether we are using the GNU C Library >= 2.1 or uClibc
conftest.c:32:10: fatal error: features.h: No such file or directory
 #include <features.h>
          ^~~~~~~~~~~~
compilation terminated.
configure:9069: result: no
configure:9077: checking for setlocale
configure:9077: aarch64-none-elf-gcc -o conftest -march=armv8-a+crc+crypto -mtune=cortex-a57 -mtp=soft -fPIC -ftls-model=local-exec -O2 -ffunction-sections -fdata-sections -D__SWITCH__ -I/opt/devkitpro/portlibs/switch/include -isystem/opt/devkitpro/libnx/include -march=armv8-a+crc+crypto -mtune=cortex-a57 -mtp=soft -fPIC -ftls-model=local-exec -L/opt/devkitpro/portlibs/switch/lib -L/opt/devkitpro/libnx/lib conftest.c -lnx >&5
configure:9077: $? = 0
configure:9077: result: yes
configure:9209: creating ./config.status

## ---------------------- ##
## Running config.status. ##
## ---------------------- ##

This file was extended by libcharset config.status 1.4, which was
generated by GNU Autoconf 2.69.  Invocation command line was

  CONFIG_FILES    = 
  CONFIG_HEADERS  = 
  CONFIG_LINKS    = 
  CONFIG_COMMANDS = 
  $ ./config.status 

on jury-workstation

config.status:1069: creating Makefile
config.status:1069: creating lib/Makefile
config.status:1069: creating include/localcharset.h
config.status:1069: creating include/localcharset.h.inst
config.status:1069: creating config.h
config.status:1244: config.h is unchanged
config.status:1258: executing libtool commands

## ---------------- ##
## Cache variables. ##
## ---------------- ##

ac_cv_build=x86_64-pc-linux-gnu
ac_cv_c_compiler_gnu=yes
ac_cv_env_CC_set=
ac_cv_env_CC_value=
ac_cv_env_CFLAGS_set=set
ac_cv_env_CFLAGS_value='-march=armv8-a+crc+crypto -mtune=cortex-a57 -mtp=soft -fPIC -ftls-model=local-exec -O2 -ffunction-sections -fdata-sections'
ac_cv_env_CPPFLAGS_set=set
ac_cv_env_CPPFLAGS_value='-D__SWITCH__ -I/opt/devkitpro/portlibs/switch/include -isystem/opt/devkitpro/libnx/include'
ac_cv_env_CPP_set=
ac_cv_env_CPP_value=
ac_cv_env_LDFLAGS_set=set
ac_cv_env_LDFLAGS_value='-march=armv8-a+crc+crypto -mtune=cortex-a57 -mtp=soft -fPIC -ftls-model=local-exec -L/opt/devkitpro/portlibs/switch/lib -L/opt/devkitpro/libnx/lib'
ac_cv_env_LIBS_set=set
ac_cv_env_LIBS_value=-lnx
ac_cv_env_LT_SYS_LIBRARY_PATH_set=
ac_cv_env_LT_SYS_LIBRARY_PATH_value=
ac_cv_env_build_alias_set=
ac_cv_env_build_alias_value=
ac_cv_env_host_alias_set=set
ac_cv_env_host_alias_value=aarch64-none-elf
ac_cv_env_target_alias_set=
ac_cv_env_target_alias_value=
ac_cv_func_setlocale=yes
ac_cv_func_symlink=no
ac_cv_gnu_library_2_1=no
ac_cv_header_dlfcn_h=no
ac_cv_header_inttypes_h=yes
ac_cv_header_memory_h=yes
ac_cv_header_minix_config_h=no
ac_cv_header_stdc=yes
ac_cv_header_stdint_h=yes
ac_cv_header_stdlib_h=yes
ac_cv_header_string_h=yes
ac_cv_header_strings_h=yes
ac_cv_header_sys_stat_h=yes
ac_cv_header_sys_types_h=yes
ac_cv_header_unistd_h=yes
ac_cv_host=aarch64-none-elf
ac_cv_objext=o
ac_cv_path_EGREP='/usr/bin/grep -E'
ac_cv_path_FGREP='/usr/bin/grep -F'
ac_cv_path_GREP=/usr/bin/grep
ac_cv_path_SED=/usr/bin/sed
ac_cv_path_install='/usr/bin/install -c'
ac_cv_path_lt_DD=/usr/bin/dd
ac_cv_prog_AR=aarch64-none-elf-gcc-ar
ac_cv_prog_AWK=mawk
ac_cv_prog_CC=aarch64-none-elf-gcc
ac_cv_prog_CPP='aarch64-none-elf-gcc -E'
ac_cv_prog_OBJDUMP=aarch64-none-elf-objdump
ac_cv_prog_RANLIB=aarch64-none-elf-gcc-ranlib
ac_cv_prog_STRIP=aarch64-none-elf-strip
ac_cv_prog_ac_ct_MANIFEST_TOOL=mt
ac_cv_prog_cc_c89=
ac_cv_prog_cc_g=yes
ac_cv_prog_make_make_set=yes
ac_cv_safe_to_define___extensions__=yes
acl_cv_libpath=none
acl_cv_prog_gnu_ld=yes
acl_cv_shlibpath_var=
am_cv_langinfo_codeset=yes
gl_cv_cc_vis_werror=yes
gl_cv_cc_visibility=yes
gl_cv_header_working_fcntl_h=cross-compiling
lt_cv_ar_at_file=@
lt_cv_archive_cmds_need_lc=yes
lt_cv_deplibs_check_method=unknown
lt_cv_file_magic_cmd='$MAGIC_CMD'
lt_cv_file_magic_test_file=
lt_cv_ld_reload_flag=-r
lt_cv_nm_interface='BSD nm'
lt_cv_objdir=.libs
lt_cv_path_LD=/opt/devkitpro/devkitA64/aarch64-none-elf/bin/ld
lt_cv_path_NM='/opt/devkitpro/devkitA64/bin/aarch64-none-elf-nm -B'
lt_cv_path_mainfest_tool=no
lt_cv_prog_compiler_c_o=yes
lt_cv_prog_compiler_pic='-fPIC -DPIC'
lt_cv_prog_compiler_pic_works=yes
lt_cv_prog_compiler_rtti_exceptions=no
lt_cv_prog_compiler_static_works=yes
lt_cv_prog_gnu_ld=yes
lt_cv_sharedlib_from_linklib_cmd='printf %s\n'
lt_cv_sys_global_symbol_pipe='sed -n -e '\''s/^.*[	 ]\([ABCDGIRSTW][ABCDGIRSTW]*\)[	 ][	 ]*\([_A-Za-z][_A-Za-z0-9]*\)$/\1 \2 \2/p'\'' | sed '\''/ __gnu_lto/d'\'''
lt_cv_sys_global_symbol_to_c_name_address='sed -n -e '\''s/^: \(.*\) .*$/  {"\1", (void *) 0},/p'\'' -e '\''s/^[ABCDGIRSTW][ABCDGIRSTW]* .* \(.*\)$/  {"\1", (void *) \&\1},/p'\'''
lt_cv_sys_global_symbol_to_c_name_address_lib_prefix='sed -n -e '\''s/^: \(.*\) .*$/  {"\1", (void *) 0},/p'\'' -e '\''s/^[ABCDGIRSTW][ABCDGIRSTW]* .* \(lib.*\)$/  {"\1", (void *) \&\1},/p'\'' -e '\''s/^[ABCDGIRSTW][ABCDGIRSTW]* .* \(.*\)$/  {"lib\1", (void *) \&\1},/p'\'''
lt_cv_sys_global_symbol_to_cdecl='sed -n -e '\''s/^T .* \(.*\)$/extern int \1();/p'\'' -e '\''s/^[ABCDGIRSTW][ABCDGIRSTW]* .* \(.*\)$/extern char \1;/p'\'''
lt_cv_sys_global_symbol_to_import=
lt_cv_sys_max_cmd_len=1572864
lt_cv_to_host_file_cmd=func_convert_file_noop
lt_cv_to_tool_file_cmd=func_convert_file_noop
lt_cv_truncate_bin='/usr/bin/dd bs=4096 count=1'

## ----------------- ##
## Output variables. ##
## ----------------- ##

AR='aarch64-none-elf-gcc-ar'
AS='as'
AWK='mawk'
CC='aarch64-none-elf-gcc'
CFLAGS='-march=armv8-a+crc+crypto -mtune=cortex-a57 -mtp=soft -fPIC -ftls-model=local-exec -O2 -ffunction-sections -fdata-sections'
CFLAG_VISIBILITY='-fvisibility=hidden'
CPP='aarch64-none-elf-gcc -E'
CPPFLAGS='-D__SWITCH__ -I/opt/devkitpro/portlibs/switch/include -isystem/opt/devkitpro/libnx/include'
DEFS='-DHAVE_CONFIG_H'
DLLTOOL='false'
DSYMUTIL=''
DUMPBIN=''
ECHO_C=''
ECHO_N='-n'
ECHO_T=''
EGREP='/usr/bin/grep -E'
EXEEXT=''
FGREP='/usr/bin/grep -F'
GLIBC21='no'
GREP='/usr/bin/grep'
HAVE_VISIBILITY='1'
INSTALL_DATA='${INSTALL} -m 644'
INSTALL_PROGRAM='${INSTALL}'
INSTALL_PROGRAM_ENV=''
INSTALL_SCRIPT='${INSTALL}'
LD='/opt/devkitpro/devkitA64/aarch64-none-elf/bin/ld'
LDFLAGS='-march=armv8-a+crc+crypto -mtune=cortex-a57 -mtp=soft -fPIC -ftls-model=local-exec -L/opt/devkitpro/portlibs/switch/lib -L/opt/devkitpro/libnx/lib'
LIBOBJS=''
LIBS='-lnx'
LIBTOOL='/bin/bash $(top_builddir)/libtool'
LIPO=''
LN_S='ln -s'
LTLIBOBJS=''
LT_SYS_LIBRARY_PATH=''
MANIFEST_TOOL=':'
NM='/opt/devkitpro/devkitA64/bin/aarch64-none-elf-nm -B'
NMEDIT=''
OBJDUMP='aarch64-none-elf-objdump'
OBJEXT='o'
OTOOL64=''
OTOOL=''
PACKAGE_BUGREPORT=''
PACKAGE_NAME='libcharset'
PACKAGE_STRING='libcharset 1.4'
PACKAGE_TARNAME='libcharset'
PACKAGE_URL=''
PACKAGE_VERSION='1.4'
PATH_SEPARATOR=':'
RANLIB='aarch64-none-elf-gcc-ranlib'
RELOCATABLE='no'
RELOCATABLE_BUILD_DIR='$(top_builddir)/'
RELOCATABLE_CONFIG_H_DIR='$(top_builddir)'
RELOCATABLE_LDFLAGS=''
RELOCATABLE_LIBRARY_PATH=''
RELOCATABLE_SRC_DIR='$(top_srcdir)/'
RELOCATABLE_STRIP=':'
RELOCATABLE_VIA_LD_FALSE=''
RELOCATABLE_VIA_LD_TRUE='#'
RELOCATABLE_VIA_WRAPPER_FALSE=''
RELOCATABLE_VIA_WRAPPER_TRUE='#'
SED='/usr/bin/sed'
SET_MAKE=''
SHELL='/bin/bash'
STRIP='aarch64-none-elf-strip'
ac_ct_AR=''
ac_ct_CC=''
ac_ct_DUMPBIN=''
bindir='${exec_prefix}/bin'
build='x86_64-pc-linux-gnu'
build_alias=''
build_cpu='x86_64'
build_os='linux-gnu'
build_vendor='pc'
datadir='${datarootdir}'
datarootdir='${prefix}/share'
docdir='${datarootdir}/doc/${PACKAGE_TARNAME}'
dvidir='${docdir}'
exec_prefix='/opt/devkitpro/portlibs/switch'
host='aarch64-none-elf'
host_alias='aarch64-none-elf'
host_cpu='aarch64'
host_os='elf'
host_vendor='none'
htmldir='${docdir}'
includedir='${prefix}/include'
infodir='${datarootdir}/info'
libdir='${exec_prefix}/lib'
libexecdir='${exec_prefix}/libexec'
localedir='${datarootdir}/locale'
localstatedir='${prefix}/var'
mandir='${datarootdir}/man'
oldincludedir='/usr/include'
pdfdir='${docdir}'
prefix='/opt/devkitpro/portlibs/switch'
program_transform_name='s,x,x,'
psdir='${docdir}'
sbindir='${exec_prefix}/sbin'
sharedstatedir='${prefix}/com'
sysconfdir='${prefix}/etc'
target_alias=''

## ----------- ##
## confdefs.h. ##
## ----------- ##

/* confdefs.h */
#define PACKAGE_NAME "libcharset"
#define PACKAGE_TARNAME "libcharset"
#define PACKAGE_VERSION "1.4"
#define PACKAGE_STRING "libcharset 1.4"
#define PACKAGE_BUGREPORT ""
#define PACKAGE_URL ""
#define STDC_HEADERS 1
#define HAVE_SYS_TYPES_H 1
#define HAVE_SYS_STAT_H 1
#define HAVE_STDLIB_H 1
#define HAVE_STRING_H 1
#define HAVE_MEMORY_H 1
#define HAVE_STRINGS_H 1
#define HAVE_INTTYPES_H 1
#define HAVE_STDINT_H 1
#define HAVE_UNISTD_H 1
#define __EXTENSIONS__ 1
#define _ALL_SOURCE 1
#define _GNU_SOURCE 1
#define _POSIX_PTHREAD_SEMANTICS 1
#define _TANDEM_SOURCE 1
#define LT_OBJDIR ".libs/"
#define INSTALLPREFIX "/opt/devkitpro/portlibs/switch"
#define HAVE_VISIBILITY 1
#define HAVE_LANGINFO_CODESET 1
#define HAVE_UNISTD_H 1
#define HAVE_WORKING_O_NOATIME 0
#define HAVE_WORKING_O_NOFOLLOW 0
#define HAVE_SETLOCALE 1

configure: exit 0
